0 info it worked if it ends with ok
1 verbose cli [ 'C:\\Program Files\\nodejs\\node.exe',
1 verbose cli   'C:\\Program Files\\nodejs\\node_modules\\npm\\bin\\npm-cli.js',
1 verbose cli   'install',
1 verbose cli   'JQueryUI' ]
2 info using npm@2.14.4
3 info using node@v4.1.2
4 verbose install initial load of M:\Lift\Lift\Lift\trunk\client\web\package.json
5 verbose installManyTop reading scoped package data from M:\Lift\Lift\Lift\trunk\client\web\node_modules\angular\package.json
6 verbose installManyTop reading scoped package data from M:\Lift\Lift\Lift\trunk\client\web\node_modules\angular-ui-bootstrap\package.json
7 verbose installManyTop reading scoped package data from M:\Lift\Lift\Lift\trunk\client\web\node_modules\bower\package.json
8 verbose installManyTop reading scoped package data from M:\Lift\Lift\Lift\trunk\client\web\node_modules\git\package.json
9 verbose installManyTop reading scoped package data from M:\Lift\Lift\Lift\trunk\client\web\node_modules\http-server\package.json
10 verbose installManyTop reading scoped package data from M:\Lift\Lift\Lift\trunk\client\web\node_modules\karma\package.json
11 verbose installManyTop reading scoped package data from M:\Lift\Lift\Lift\trunk\client\web\node_modules\karma-chrome-launcher\package.json
12 verbose installManyTop reading scoped package data from M:\Lift\Lift\Lift\trunk\client\web\node_modules\karma-coffee-preprocessor\package.json
13 verbose installManyTop reading scoped package data from M:\Lift\Lift\Lift\trunk\client\web\node_modules\karma-firefox-launcher\package.json
14 verbose installManyTop reading scoped package data from M:\Lift\Lift\Lift\trunk\client\web\node_modules\karma-html2js-preprocessor\package.json
15 verbose installManyTop reading scoped package data from M:\Lift\Lift\Lift\trunk\client\web\node_modules\karma-jasmine\package.json
16 verbose installManyTop reading scoped package data from M:\Lift\Lift\Lift\trunk\client\web\node_modules\karma-junit-reporter\package.json
17 verbose installManyTop reading scoped package data from M:\Lift\Lift\Lift\trunk\client\web\node_modules\karma-phantomjs-launcher\package.json
18 verbose installManyTop reading scoped package data from M:\Lift\Lift\Lift\trunk\client\web\node_modules\karma-requirejs\package.json
19 verbose installManyTop reading scoped package data from M:\Lift\Lift\Lift\trunk\client\web\node_modules\karma-script-launcher\package.json
20 verbose installManyTop reading scoped package data from M:\Lift\Lift\Lift\trunk\client\web\node_modules\protractor\package.json
21 verbose installManyTop reading scoped package data from M:\Lift\Lift\Lift\trunk\client\web\node_modules\requirejs\package.json
22 verbose installManyTop reading scoped package data from M:\Lift\Lift\Lift\trunk\client\web\node_modules\shelljs\package.json
23 info package.json git@0.1.5 No license field.
24 info package.json bower@1.3.12 No license field.
25 info package.json shelljs@0.2.6 No license field.
26 info package.json karma@0.10.10 No license field.
27 info package.json http-server@0.6.1 No license field.
28 info package.json requirejs@2.1.16 No license field.
29 verbose readDependencies loading dependencies from M:\Lift\Lift\Lift\trunk\client\web\package.json
30 silly cache add args [ 'JQueryUI', null ]
31 verbose cache add spec JQueryUI
32 silly cache add parsed spec Result {
32 silly cache add   raw: 'JQueryUI',
32 silly cache add   scope: null,
32 silly cache add   name: 'JQueryUI',
32 silly cache add   rawSpec: '',
32 silly cache add   spec: '*',
32 silly cache add   type: 'range' }
33 silly addNamed JQueryUI@*
34 verbose addNamed "*" is a valid semver range for JQueryUI
35 silly addNameRange { name: 'JQueryUI', range: '*', hasData: false }
36 silly mapToRegistry name JQueryUI
37 silly mapToRegistry using default registry
38 silly mapToRegistry registry https://registry.npmjs.org/
39 silly mapToRegistry uri https://registry.npmjs.org/JQueryUI
40 verbose addNameRange registry:https://registry.npmjs.org/JQueryUI not in flight; fetching
41 verbose request uri https://registry.npmjs.org/JQueryUI
42 verbose request no auth needed
43 info attempt registry request try #1 at 10:05:39 PM
44 verbose request id b4f4ebaee24ae993
45 http request GET https://registry.npmjs.org/JQueryUI
46 http 404 https://registry.npmjs.org/JQueryUI
47 verbose headers { 'content-type': 'application/json',
47 verbose headers   'cache-control': 'max-age=0',
47 verbose headers   'content-length': '2',
47 verbose headers   'accept-ranges': 'bytes',
47 verbose headers   date: 'Thu, 10 Mar 2016 03:05:41 GMT',
47 verbose headers   via: '1.1 varnish',
47 verbose headers   age: '0',
47 verbose headers   connection: 'keep-alive',
47 verbose headers   'x-served-by': 'cache-atl6232-ATL',
47 verbose headers   'x-cache': 'MISS',
47 verbose headers   'x-cache-hits': '0',
47 verbose headers   'x-timer': 'S1457579140.993705,VS0,VE137' }
48 silly get cb [ 404,
48 silly get   { 'content-type': 'application/json',
48 silly get     'cache-control': 'max-age=0',
48 silly get     'content-length': '2',
48 silly get     'accept-ranges': 'bytes',
48 silly get     date: 'Thu, 10 Mar 2016 03:05:41 GMT',
48 silly get     via: '1.1 varnish',
48 silly get     age: '0',
48 silly get     connection: 'keep-alive',
48 silly get     'x-served-by': 'cache-atl6232-ATL',
48 silly get     'x-cache': 'MISS',
48 silly get     'x-cache-hits': '0',
48 silly get     'x-timer': 'S1457579140.993705,VS0,VE137' } ]
49 verbose stack Error: Registry returned 404 for GET on https://registry.npmjs.org/JQueryUI
49 verbose stack     at makeError (C:\Program Files\nodejs\node_modules\npm\node_modules\npm-registry-client\lib\request.js:263:12)
49 verbose stack     at CachingRegistryClient.<anonymous> (C:\Program Files\nodejs\node_modules\npm\node_modules\npm-registry-client\lib\request.js:241:14)
49 verbose stack     at Request._callback (C:\Program Files\nodejs\node_modules\npm\node_modules\npm-registry-client\lib\request.js:171:14)
49 verbose stack     at Request.self.callback (C:\Program Files\nodejs\node_modules\npm\node_modules\request\request.js:198:22)
49 verbose stack     at emitTwo (events.js:87:13)
49 verbose stack     at Request.emit (events.js:172:7)
49 verbose stack     at Request.<anonymous> (C:\Program Files\nodejs\node_modules\npm\node_modules\request\request.js:1073:14)
49 verbose stack     at emitOne (events.js:82:20)
49 verbose stack     at Request.emit (events.js:169:7)
49 verbose stack     at IncomingMessage.<anonymous> (C:\Program Files\nodejs\node_modules\npm\node_modules\request\request.js:1019:12)
50 verbose statusCode 404
51 verbose pkgid JQueryUI
52 verbose cwd M:\Lift\Lift\Lift\trunk\client\web
53 error Windows_NT 10.0.10586
54 error argv "C:\\Program Files\\nodejs\\node.exe" "C:\\Program Files\\nodejs\\node_modules\\npm\\bin\\npm-cli.js" "install" "JQueryUI"
55 error node v4.1.2
56 error npm  v2.14.4
57 error code E404
58 error 404 Registry returned 404 for GET on https://registry.npmjs.org/JQueryUI
58 error 404
58 error 404 'JQueryUI' is not in the npm registry.
58 error 404 Your package name is not valid, because
58 error 404
58 error 404  1. name can no longer contain capital letters
58 error 404 It was specified as a dependency of 'angular-seed'
58 error 404
58 error 404 Note that you can also install from a
58 error 404 tarball, folder, http url, or git url.
59 verbose exit [ 1, true ]
